<?xml version="1.0" encoding="UTF-8"?>
<!-- Generated by org.testng.reporters.JUnitReportReporter -->
<testsuite skipped="0" hostname="Snehal" name="T1.WebShopRegister" tests="1" failures="0" timestamp="2021-08-04T18:26:45 IST" time="1.788" errors="0">
  <testcase name="register" time="1.788" classname="T1.WebShopRegister"/>
  <system-out/>
</testsuite> <!-- T1.WebShopRegister -->
